VirtualExpoMulti/Library/Bee/Android/Prj/Mono2x/Gradle/launcher/build/intermediates/manifest_merge_blame_file/release/manifest-merger-blame-release-report.txt
1<?xml version="1.0" encoding="utf-8"?>
2<manifest xmlns:android="http://schemas.android.com/apk/res/android"
3    package="com.WideTechnologyIndonesia.VirtualExpo"
4    android:installLocation="preferExternal"
5    android:versionCode="1"
6    android:versionName="0.1" >
7
8    <uses-sdk
9        android:minSdkVersion="22"
9-->src/main/AndroidManifest.xml
10        android:targetSdkVersion="32" />
10-->src/main/AndroidManifest.xml
11
12    <supports-screens
12-->src/main/AndroidManifest.xml:3:3-163
13        android:anyDensity="true"
13-->src/main/AndroidManifest.xml:3:135-160
14        android:largeScreens="true"
14-->src/main/AndroidManifest.xml:3:78-105
15        android:normalScreens="true"
15-->src/main/AndroidManifest.xml:3:49-77
16        android:smallScreens="true"
16-->src/main/AndroidManifest.xml:3:21-48
17        android:xlargeScreens="true" />
17-->src/main/AndroidManifest.xml:3:106-134
18
19    <uses-feature android:glEsVersion="0x00030000" />
19-->[:unityLibrary] AndroidManifest.xml:12:5-54
19-->[:unityLibrary] AndroidManifest.xml:12:19-51
20    <uses-feature
20-->[:unityLibrary] AndroidManifest.xml:13:5-15:36
21        android:name="android.hardware.vulkan.version"
21-->[:unityLibrary] AndroidManifest.xml:14:9-55
22        android:required="false" />
22-->[:unityLibrary] AndroidManifest.xml:15:9-33
23
24    <uses-permission android:name="android.permission.INTERNET" />
24-->[:unityLibrary] AndroidManifest.xml:17:5-67
24-->[:unityLibrary] AndroidManifest.xml:17:22-64
25    <uses-permission android:name="android.permission.CAMERA" />
25-->[:unityLibrary] AndroidManifest.xml:18:5-65
25-->[:unityLibrary] AndroidManifest.xml:18:22-62
26
27    <uses-feature
27-->[:unityLibrary] AndroidManifest.xml:20:5-22:36
28        android:name="android.hardware.camera"
28-->[:unityLibrary] AndroidManifest.xml:21:9-47
29        android:required="false" />
29-->[:unityLibrary] AndroidManifest.xml:22:9-33
30    <uses-feature
30-->[:unityLibrary] AndroidManifest.xml:23:5-25:36
31        android:name="android.hardware.camera.autofocus"
31-->[:unityLibrary] AndroidManifest.xml:24:9-57
32        android:required="false" />
32-->[:unityLibrary] AndroidManifest.xml:25:9-33
33    <uses-feature
33-->[:unityLibrary] AndroidManifest.xml:26:5-28:36
34        android:name="android.hardware.camera.front"
34-->[:unityLibrary] AndroidManifest.xml:27:9-53
35        android:required="false" />
35-->[:unityLibrary] AndroidManifest.xml:28:9-33
36
37    <uses-permission android:name="android.permission.RECORD_AUDIO" />
37-->[:unityLibrary] AndroidManifest.xml:30:5-71
37-->[:unityLibrary] AndroidManifest.xml:30:22-68
38    <uses-permission android:name="android.permission.MODIFY_AUDIO_SETTINGS" />
38-->[:unityLibrary] AndroidManifest.xml:31:5-80
38-->[:unityLibrary] AndroidManifest.xml:31:22-77
39    <uses-permission android:name="android.permission.BLUETOOTH" />
39-->[:unityLibrary] AndroidManifest.xml:32:5-68
39-->[:unityLibrary] AndroidManifest.xml:32:22-65
40
41    <uses-feature
41-->[:unityLibrary] AndroidManifest.xml:34:5-36:36
42        android:name="android.hardware.microphone"
42-->[:unityLibrary] AndroidManifest.xml:35:9-51
43        android:required="false" />
43-->[:unityLibrary] AndroidManifest.xml:36:9-33
44    <uses-feature
44-->[:unityLibrary] AndroidManifest.xml:37:5-39:36
45        android:name="android.hardware.touchscreen"
45-->[:unityLibrary] AndroidManifest.xml:38:9-52
46        android:required="false" />
46-->[:unityLibrary] AndroidManifest.xml:39:9-33
47    <uses-feature
47-->[:unityLibrary] AndroidManifest.xml:40:5-42:36
48        android:name="android.hardware.touchscreen.multitouch"
48-->[:unityLibrary] AndroidManifest.xml:41:9-63
49        android:required="false" />
49-->[:unityLibrary] AndroidManifest.xml:42:9-33
50    <uses-feature
50-->[:unityLibrary] AndroidManifest.xml:43:5-45:36
51        android:name="android.hardware.touchscreen.multitouch.distinct"
51-->[:unityLibrary] AndroidManifest.xml:44:9-72
52        android:required="false" />
52-->[:unityLibrary] AndroidManifest.xml:45:9-33
53
54    <application
54-->src/main/AndroidManifest.xml:4:3-83
55        android:extractNativeLibs="true"
55-->[:unityLibrary] AndroidManifest.xml:47:18-50
56        android:icon="@mipmap/app_icon"
56-->src/main/AndroidManifest.xml:4:49-80
57        android:label="@string/app_name" >
57-->src/main/AndroidManifest.xml:4:16-48
58        <activity
58-->[:unityLibrary] AndroidManifest.xml:48:9-69:20
59            android:name="com.unity3d.player.UnityPlayerActivity"
59-->[:unityLibrary] AndroidManifest.xml:49:13-66
60            android:configChanges="mcc|mnc|locale|touchscreen|keyboard|keyboardHidden|navigation|orientation|screenLayout|uiMode|screenSize|smallestScreenSize|fontScale|layoutDirection|density"
60-->[:unityLibrary] AndroidManifest.xml:50:13-194
61            android:exported="true"
61-->[:unityLibrary] AndroidManifest.xml:51:13-36
62            android:hardwareAccelerated="false"
62-->[:unityLibrary] AndroidManifest.xml:52:13-48
63            android:launchMode="singleTask"
63-->[:unityLibrary] AndroidManifest.xml:53:13-44
64            android:resizeableActivity="false"
64-->[:unityLibrary] AndroidManifest.xml:54:13-47
65            android:screenOrientation="fullSensor"
65-->[:unityLibrary] AndroidManifest.xml:55:13-51
66            android:theme="@style/UnityThemeSelector" >
66-->[:unityLibrary] AndroidManifest.xml:56:13-54
67            <intent-filter>
67-->[:unityLibrary] AndroidManifest.xml:57:13-61:29
68                <action android:name="android.intent.action.MAIN" />
68-->[:unityLibrary] AndroidManifest.xml:58:17-69
68-->[:unityLibrary] AndroidManifest.xml:58:25-66
69
70                <category android:name="android.intent.category.LAUNCHER" />
70-->[:unityLibrary] AndroidManifest.xml:60:17-77
70-->[:unityLibrary] AndroidManifest.xml:60:27-74
71            </intent-filter>
72
73            <meta-data
73-->[:unityLibrary] AndroidManifest.xml:63:13-65:40
74                android:name="unityplayer.UnityActivity"
74-->[:unityLibrary] AndroidManifest.xml:64:17-57
75                android:value="true" />
75-->[:unityLibrary] AndroidManifest.xml:65:17-37
76            <meta-data
76-->[:unityLibrary] AndroidManifest.xml:66:13-68:40
77                android:name="android.notch_support"
77-->[:unityLibrary] AndroidManifest.xml:67:17-53
78                android:value="true" />
78-->[:unityLibrary] AndroidManifest.xml:68:17-37
79        </activity>
80
81        <meta-data
81-->[:unityLibrary] AndroidManifest.xml:71:9-73:33
82            android:name="unity.splash-mode"
82-->[:unityLibrary] AndroidManifest.xml:72:13-45
83            android:value="0" />
83-->[:unityLibrary] AndroidManifest.xml:73:13-30
84        <meta-data
84-->[:unityLibrary] AndroidManifest.xml:74:9-76:36
85            android:name="unity.splash-enable"
85-->[:unityLibrary] AndroidManifest.xml:75:13-47
86            android:value="True" />
86-->[:unityLibrary] AndroidManifest.xml:76:13-33
87        <meta-data
87-->[:unityLibrary] AndroidManifest.xml:77:9-79:36
88            android:name="unity.launch-fullscreen"
88-->[:unityLibrary] AndroidManifest.xml:78:13-51
89            android:value="True" />
89-->[:unityLibrary] AndroidManifest.xml:79:13-33
90        <meta-data
90-->[:unityLibrary] AndroidManifest.xml:80:9-82:37
91            android:name="unity.allow-resizable-window"
91-->[:unityLibrary] AndroidManifest.xml:81:13-56
92            android:value="False" />
92-->[:unityLibrary] AndroidManifest.xml:82:13-34
93        <meta-data
93-->[:unityLibrary] AndroidManifest.xml:83:9-85:50
94            android:name="notch.config"
94-->[:unityLibrary] AndroidManifest.xml:84:13-40
95            android:value="portrait|landscape" />
95-->[:unityLibrary] AndroidManifest.xml:85:13-47
96    </application>
97
98</manifest>